<?xml version="1.0" encoding="UTF-8"?>
<testng-results ignored="0" total="1" passed="1" failed="0" skipped="0">
  <reporter-output>
  </reporter-output>
  <suite started-at="2024-11-28T15:11:05 IST" name="Default suite" finished-at="2024-11-28T15:11:12 IST" duration-ms="6358">
    <groups>
    </groups>
    <test started-at="2024-11-28T15:11:05 IST" name="Default test" finished-at="2024-11-28T15:11:12 IST" duration-ms="6358">
      <class name="selenium_TP.FileUpload">
        <test-method signature="show()[pri:0, instance:selenium_TP.FileUpload@71238fc2]" started-at="2024-11-28T15:11:05 IST" name="show" finished-at="2024-11-28T15:11:12 IST" duration-ms="6335" status="PASS">
          <reporter-output>
          </reporter-output>
        </test-method> <!-- show -->
      </class> <!-- selenium_TP.FileUpload -->
    </test> <!-- Default test -->
  </suite> <!-- Default suite -->
</testng-results>
