<?xml version="1.0" encoding="UTF-8"?>
<!-- Generated by org.testng.reporters.JUnitXMLReporter -->
<testsuite ignored="0" hostname="TYSS-Tanuja-N-Sonawale" failures="0" tests="3" name="Test" time="0.106" errors="0" timestamp="2025-02-25T11:05:45 IST">
  <testcase classname="seleniumTask.TestScriptListenerImplementation" name="testCaseTest1" time="0.018"/>
  <testcase classname="seleniumTask.TestScriptListenerImplementation" name="testCaseTest2" time="0.003"/>
  <testcase classname="seleniumTask.TestScriptListenerImplementation" name="testCaseTest3" time="0.002"/>
</testsuite> <!-- Test -->
