<?xml version="1.0" encoding="UTF-8"?>
<!-- Generated by org.testng.reporters.JUnitXMLReporter -->
<testsuite ignored="0" hostname="TYSS-Tanuja-N-Sonawale" failures="1" tests="8" name="Test" time="0.154" errors="0" timestamp="2025-01-23T17:23:19 IST">
  <testcase classname="seleniumTask.TestScriptListenerImplementation" name="testCaseTest1" time="0.02">
    <skipped/>
  </testcase> <!-- testCaseTest1 -->
  <testcase classname="seleniumTask.TestScriptListenerImplementation" name="testCaseTest1" time="0.003">
    <skipped/>
  </testcase> <!-- testCaseTest1 -->
  <testcase classname="seleniumTask.TestScriptListenerImplementation" name="testCaseTest1" time="0.005">
    <skipped/>
  </testcase> <!-- testCaseTest1 -->
  <testcase classname="seleniumTask.TestScriptListenerImplementation" name="testCaseTest1" time="0.002">
    <skipped/>
  </testcase> <!-- testCaseTest1 -->
  <testcase classname="seleniumTask.TestScriptListenerImplementation" name="testCaseTest1" time="0.002">
    <skipped/>
  </testcase> <!-- testCaseTest1 -->
  <testcase classname="seleniumTask.TestScriptListenerImplementation" name="testCaseTest1" time="0.003">
    <failure type="java.lang.AssertionError" message="null">
      <![CDATA[java.lang.AssertionError: null
at seleniumTask.TestScriptListenerImplementation.testCaseTest1(TestScriptListenerImplementation.java:12)
at java.base/java.util.ArrayList.forEach(ArrayList.java:1597)
... Removed 27 stack frames]]>
    </failure>
  </testcase> <!-- testCaseTest1 -->
  <testcase classname="seleniumTask.TestScriptListenerImplementation" name="testCaseTest2" time="0.003"/>
  <testcase classname="seleniumTask.TestScriptListenerImplementation" name="testCaseTest3" time="0.001"/>
</testsuite> <!-- Test -->
