<?xml version="1.0" encoding="UTF-8"?>
<!-- Generated by org.testng.reporters.JUnitXMLReporter -->
<testsuite ignored="0" hostname="TYSS-Tanuja-N-Sonawale" failures="0" tests="2" name="Test2" time="0.145" errors="0" timestamp="2025-01-22T14:51:41 IST">
  <testcase classname="testNgTestcases.TC01" name="@BeforeTest beforeTest" time="0.005">
    <failure type="java.lang.NullPointerException" message="Cannot invoke &amp;quot;org.openqa.selenium.WebDriver.get(String)&amp;quot; because &amp;quot;this.driver&amp;quot; is null">
      <![CDATA[java.lang.NullPointerException: Cannot invoke "org.openqa.selenium.WebDriver.get(String)" because "this.driver" is null
at testNgTestcases.TC01.beforeTest(TC01.java:43)
at java.base/java.util.concurrent.FutureTask.run(FutureTask.java:317)
at java.base/java.util.concurrent.ThreadPoolExecutor.runWorker(ThreadPoolExecutor.java:1144)
at java.base/java.util.concurrent.ThreadPoolExecutor$Worker.run(ThreadPoolExecutor.java:642)
at java.base/java.lang.Thread.run(Thread.java:1570)
... Removed 13 stack frames]]>
    </failure>
  </testcase> <!-- @BeforeTest beforeTest -->
  <testcase classname="testNgTestcases.TC01" name="@BeforeClass beforeClass" time="-1.737537701205E9">
    <skipped/>
  </testcase> <!-- @BeforeClass beforeClass -->
  <testcase classname="testNgTestcases.TC01" name="@BeforeMethod beforeMethod" time="-1.737537701224E9">
    <skipped/>
  </testcase> <!-- @BeforeMethod beforeMethod -->
  <testcase classname="testNgTestcases.TC01" name="@AfterMethod afterMethod" time="-1.737537701244E9">
    <skipped/>
  </testcase> <!-- @AfterMethod afterMethod -->
  <testcase classname="testNgTestcases.TC01" name="@AfterClass afterClass" time="-1.737537701248E9">
    <skipped/>
  </testcase> <!-- @AfterClass afterClass -->
  <testcase classname="testNgTestcases.TC01" name="@AfterTest afterTest" time="-1.737537701269E9">
    <skipped/>
  </testcase> <!-- @AfterTest afterTest -->
  <testcase classname="testNgTestcases.TC01" name="searchProduct" time="0.0">
    <skipped/>
  </testcase> <!-- searchProduct -->
  <testcase classname="testNgTestcases.GotoWishList" name="goingToWishlist" time="0.0">
    <skipped/>
  </testcase> <!-- goingToWishlist -->
</testsuite> <!-- Test2 -->
