<?xml version="1.0" encoding="UTF-8"?>
<!-- Generated by org.testng.reporters.JUnitXMLReporter -->
<testsuite ignored="0" hostname="TYSS-Tanuja-N-Sonawale" failures="0" tests="3" name="Default test" time="0.096" errors="0" timestamp="2024-08-06T15:51:59 IST">
  <testcase classname="seleniumTask.TestScriptListenerImplementation" name="testCaseTest1" time="0.022"/>
  <testcase classname="seleniumTask.TestScriptListenerImplementation" name="testCaseTest2" time="0.005"/>
  <testcase classname="seleniumTask.TestScriptListenerImplementation" name="testCaseTest3" time="0.003"/>
</testsuite> <!-- Default test -->
