<?xml version="1.0" encoding="UTF-8"?>
<!-- Generated by org.testng.reporters.JUnitReportReporter -->
<testsuite hostname="TYSS-Tanuja-N-Sonawale" failures="0" tests="1" name="seleniumScripts.Working_With_JavascriptExecutor_Test" time="34.033" errors="0" timestamp="2025-03-18T15:47:57 IST" skipped="0">
  <testcase classname="seleniumScripts.Working_With_JavascriptExecutor_Test" name="login" time="34.033"/>
  <system-out/>
</testsuite> <!-- seleniumScripts.Working_With_JavascriptExecutor_Test -->
