<?xml version="1.0" encoding="UTF-8"?>
<!-- Generated by org.testng.reporters.JUnitReportReporter -->
<testsuite hostname="TYSS-Tanuja-N-Sonawale" failures="0" tests="1" name="seleniumScripts.Working_With_JavascriptExecutor_Test" time="14.118" errors="0" timestamp="2025-11-24T13:19:29 IST" skipped="0">
  <testcase classname="seleniumScripts.Working_With_JavascriptExecutor_Test" name="login" time="14.118"/>
  <system-out/>
</testsuite> <!-- seleniumScripts.Working_With_JavascriptExecutor_Test -->
