<?xml version="1.0" encoding="UTF-8"?>
<!-- Generated by org.testng.reporters.JUnitXMLReporter -->
<testsuite ignored="0" hostname="TYSS-Tanuja-N-Sonawale" failures="0" tests="3" name="Test2" time="0.031" errors="0" timestamp="2025-02-25T12:21:33 IST">
  <testcase classname="seleniumTask.TestScriptListenerImplementation" name="testCaseTest1" time="0.003"/>
  <testcase classname="seleniumTask.TestScriptListenerImplementation" name="testCaseTest2" time="0.004"/>
  <testcase classname="seleniumTask.TestScriptListenerImplementation" name="testCaseTest3" time="0.002"/>
</testsuite> <!-- Test2 -->
